-------------------------------------------------------------------------------
Test set: TestSuite
-------------------------------------------------------------------------------
Tests run: 2, Failures: 1, Errors: 0, Skipped: 0, Time elapsed: 8.601 s <<< FAILURE! - in TestSuite
com.api.testng.UsersApi.PostAPI.numberpost  Time elapsed: 3.572 s  <<< FAILURE!
java.lang.AssertionError: expected:<DB returned 23505> but was:<Succcess>
	at com.api.testng.UsersApi.PostAPI.numberpost(PostAPI.java:42)

